.\Debug\BWChess.ilk
.\Debug\BWChess.pdb
C:\Documents and Settings\Administrator\桌面\BWChess\.\Debug\BWChess.exe
C:\Documents and Settings\Administrator\桌面\BWChess\.\Debug\BWChess.exe.intermediate.manifest
C:\DOCUMENTS AND SETTINGS\ADMINISTRATOR\桌面\BWCHESS\DEBUG\ABOUTDLG.OBJ
C:\DOCUMENTS AND SETTINGS\ADMINISTRATOR\桌面\BWCHESS\DEBUG\ADDSEC.OBJ
C:\DOCUMENTS AND SETTINGS\ADMINISTRATOR\桌面\BWCHESS\DEBUG\BESTDLG.OBJ
C:\DOCUMENTS AND SETTINGS\ADMINISTRATOR\桌面\BWCHESS\DEBUG\BTNST.OBJ
C:\DOCUMENTS AND SETTINGS\ADMINISTRATOR\桌面\BWCHESS\DEBUG\BWCHESS.EXE
C:\DOCUMENTS AND SETTINGS\ADMINISTRATOR\桌面\BWCHESS\DEBUG\BWCHESS.EXE.EMBED.MANIFEST
C:\DOCUMENTS AND SETTINGS\ADMINISTRATOR\桌面\BWCHESS\DEBUG\BWCHESS.EXE.EMBED.MANIFEST.RES
C:\DOCUMENTS AND SETTINGS\ADMINISTRATOR\桌面\BWCHESS\DEBUG\BWCHESS.EXE.INTERMEDIATE.MANIFEST
C:\DOCUMENTS AND SETTINGS\ADMINISTRATOR\桌面\BWCHESS\DEBUG\BWCHESS.ILK
C:\DOCUMENTS AND SETTINGS\ADMINISTRATOR\桌面\BWCHESS\DEBUG\BWCHESS.OBJ
C:\DOCUMENTS AND SETTINGS\ADMINISTRATOR\桌面\BWCHESS\DEBUG\BWCHESS.PCH
C:\DOCUMENTS AND SETTINGS\ADMINISTRATOR\桌面\BWCHESS\DEBUG\BWCHESS.PDB
C:\DOCUMENTS AND SETTINGS\ADMINISTRATOR\桌面\BWCHESS\DEBUG\BWCHESS.RES
C:\Documents and Settings\Administrator\桌面\BWChess\Debug\BWChess_manifest.rc
C:\DOCUMENTS AND SETTINGS\ADMINISTRATOR\桌面\BWCHESS\DEBUG\BWCHESSDLG.OBJ
C:\Documents and Settings\Administrator\桌面\BWChess\Debug\cl.command.1.tlog
C:\Documents and Settings\Administrator\桌面\BWChess\Debug\CL.read.1.tlog
C:\Documents and Settings\Administrator\桌面\BWChess\Debug\CL.write.1.tlog
C:\DOCUMENTS AND SETTINGS\ADMINISTRATOR\桌面\BWCHESS\DEBUG\CONFIRMSEC.OBJ
C:\DOCUMENTS AND SETTINGS\ADMINISTRATOR\桌面\BWCHESS\DEBUG\CREDITSTATIC.OBJ
C:\DOCUMENTS AND SETTINGS\ADMINISTRATOR\桌面\BWCHESS\DEBUG\DEMO.OBJ
C:\DOCUMENTS AND SETTINGS\ADMINISTRATOR\桌面\BWCHESS\DEBUG\DIB.OBJ
C:\DOCUMENTS AND SETTINGS\ADMINISTRATOR\桌面\BWCHESS\DEBUG\DIGITALPLAYER.OBJ
C:\DOCUMENTS AND SETTINGS\ADMINISTRATOR\桌面\BWCHESS\DEBUG\HELPERAPI.OBJ
C:\DOCUMENTS AND SETTINGS\ADMINISTRATOR\桌面\BWCHESS\DEBUG\HOWTODLG.OBJ
C:\DOCUMENTS AND SETTINGS\ADMINISTRATOR\桌面\BWCHESS\DEBUG\HYPERLINK.OBJ
C:\Documents and Settings\Administrator\桌面\BWChess\Debug\link.command.1.tlog
C:\Documents and Settings\Administrator\桌面\BWChess\Debug\link.read.1.tlog
C:\Documents and Settings\Administrator\桌面\BWChess\Debug\link.write.1.tlog
C:\Documents and Settings\Administrator\桌面\BWChess\Debug\link-cvtres.read.1.tlog
C:\Documents and Settings\Administrator\桌面\BWChess\Debug\link-cvtres.write.1.tlog
C:\DOCUMENTS AND SETTINGS\ADMINISTRATOR\桌面\BWCHESS\DEBUG\MESSAGE1.OBJ
C:\DOCUMENTS AND SETTINGS\ADMINISTRATOR\桌面\BWCHESS\DEBUG\MESSAGE2.OBJ
C:\Documents and Settings\Administrator\桌面\BWChess\Debug\mt.command.1.tlog
C:\Documents and Settings\Administrator\桌面\BWChess\Debug\mt.read.1.tlog
C:\Documents and Settings\Administrator\桌面\BWChess\Debug\mt.write.1.tlog
C:\Documents and Settings\Administrator\桌面\BWChess\Debug\rc.command.1.tlog
C:\Documents and Settings\Administrator\桌面\BWChess\Debug\rc.read.1.tlog
C:\Documents and Settings\Administrator\桌面\BWChess\Debug\rc.write.1.tlog
C:\DOCUMENTS AND SETTINGS\ADMINISTRATOR\桌面\BWCHESS\DEBUG\RECORDDLG.OBJ
C:\DOCUMENTS AND SETTINGS\ADMINISTRATOR\桌面\BWCHESS\DEBUG\SETTINGDLG.OBJ
C:\DOCUMENTS AND SETTINGS\ADMINISTRATOR\桌面\BWCHESS\DEBUG\SETUPDLG.OBJ
C:\DOCUMENTS AND SETTINGS\ADMINISTRATOR\桌面\BWCHESS\DEBUG\STACK.OBJ
C:\DOCUMENTS AND SETTINGS\ADMINISTRATOR\桌面\BWCHESS\DEBUG\STDAFX.OBJ
C:\DOCUMENTS AND SETTINGS\ADMINISTRATOR\桌面\BWCHESS\DEBUG\UNDO.OBJ
C:\Documents and Settings\Administrator\桌面\BWChess\Debug\vc100.idb
C:\DOCUMENTS AND SETTINGS\ADMINISTRATOR\桌面\BWCHESS\DEBUG\VC100.PDB
